Arguments: 
  C:\Program Files\nodejs\node.exe C:\Users\caiwenduo\AppData\Roaming\npm\node_modules\yarn\bin\yarn.js

PATH: 
  F:\software\xshell\;F:\software\xftp\;C:\Program Files (x86)\Common Files\Oracle\Java\javapath;C:\Program Files (x86)\Intel\iCLS Client\;C:\Program Files\Intel\iCLS Client\;C:\Windows\system32;C:\Windows;C:\Windows\System32\Wbem;C:\Windows\System32\WindowsPowerShell\v1.0\;C:\Program Files (x86)\NVIDIA Corporation\PhysX\Common;C:\Program Files (x86)\Intel\Intel(R) Management Engine Components\DAL;C:\Program Files\Intel\Intel(R) Management Engine Components\DAL;C:\Program Files (x86)\Intel\Intel(R) Management Engine Components\IPT;C:\Program Files\Intel\Intel(R) Management Engine Components\IPT;C:\WINDOWS\system32;C:\WINDOWS;C:\WINDOWS\System32\Wbem;C:\WINDOWS\System32\WindowsPowerShell\v1.0\;C:\WINDOWS\System32\OpenSSH\;C:\Program Files\Git\cmd;C:\Program Files\nodejs\;C:\Program Files\Java\jdk1.8.0_201\bin;C:\Program Files\Java\jdk1.8.0_201\jre\bin;D:\android\sdk\tools;D:\android\sdk\platform-tools;C:\Users\caiwenduo\AppData\Local\Microsoft\WindowsApps;C:\Users\caiwenduo\AppData\Roaming\npm;F:\software\Microsoft VS Code\bin;

Yarn version: 
  1.17.3

Node version: 
  10.16.1

Platform: 
  win32 x64

Trace: 
  Error: https://registry.yarnpkg.com/antd/-/antd-3.26.0.tgz: unexpected end of file
      at Zlib.zlibOnError [as onerror] (zlib.js:162:17)

npm manifest: 
  {
    "name": "react-next",
    "version": "1.0.0",
    "description": "",
    "main": "index.js",
    "scripts": {
      "test": "echo \"Error: no test specified\" && exit 1",
      "dev": "cross-env NODE_ENV=development PORT=3007 node server.js",
      "build": "next build",
      "start": "next start -p 3008",
      "export": "npm run build && next export"
    },
    "keywords": [],
    "author": "",
    "license": "ISC",
    "dependencies": {
      "@babel/plugin-proposal-decorators": "^7.7.4",
      "@uiw/react-markdown-editor": "^1.3.0",
      "@zeit/next-css": "^1.0.1",
      "@zeit/next-less": "^1.0.1",
      "antd": "^3.25.3",
      "babel-plugin-import": "^1.13.0",
      "bootstrap": "^4.3.1",
      "element-ui": "^2.12.0",
      "express": "^4.17.1",
      "http-proxy-middleware": "^0.20.0",
      "less": "^3.10.3",
      "next": "^9.1.4",
      "nookies": "^2.0.8",
      "nprogress": "^0.2.0",
      "prop-types": "^15.7.2",
      "raw-loader": "^4.0.0",
      "react": "^16.11.0",
      "react-bootstrap": "^1.0.0-beta.16",
      "react-dom": "^16.11.0",
      "react-markdown": "^4.2.2",
      "react-syntax-highlighter": "^11.0.2"
    },
    "devDependencies": {
      "axios": "^0.19.0",
      "cross-env": "^6.0.3"
    }
  }

yarn manifest: 
  No manifest

Lockfile: 
  No lockfile
